TN:
SF:src/format.js
DA:1,3
DA:2,5
DA:5,1
DA:6,3
DA:7,5
DA:9,4
DA:12,5
DA:13,2
DA:16,3
DA:17,5
DA:18,2
DA:19,4
DA:20,1
DA:21,3
DA:24,4
DA:25,1
DA:28,2
DA:29,4
LF:18
LH:18
end_of_record
SF:src/render.js
DA:4,4
DA:5,1
DA:6,3
DA:7,5
DA:8,2
DA:12,0
DA:13,0
DA:14,0
DA:15,0
DA:16,0
DA:19,4
DA:20,1
DA:23,0
DA:24,0
DA:27,5
DA:28,2
DA:31,3
DA:32,5
DA:33,2
DA:36,0
DA:37,0
DA:38,0
DA:39,0
DA:40,0
LF:24
LH:12
end_of_record
SF:src/validate.js
DA:3,2
DA:4,4
DA:7,5
DA:8,2
DA:11,3
DA:12,5
DA:13,2
DA:15,1
DA:18,0
DA:19,0
DA:20,0
DA:21,0
DA:22,0
DA:26,0
DA:27,0
DA:28,0
DA:30,0
LF:17
LH:8
end_of_record
SF:src/auth/password.js
DA:6,3
DA:7,5
DA:8,2
DA:9,4
DA:12,5
DA:13,2
DA:14,4
DA:15,1
DA:17,5
DA:20,1
DA:21,3
DA:22,5
DA:23,2
DA:25,1
DA:26,3
DA:27,5
DA:28,2
DA:31,3
DA:32,5
DA:33,2
DA:36,3
DA:37,5
LF:22
LH:22
end_of_record
SF:src/comments.js
DA:9,4
DA:10,1
DA:13,2
DA:14,4
DA:15,1
DA:18,2
DA:19,4
DA:20,1
DA:21,3
DA:22,5
DA:23,2
DA:24,4
DA:25,1
DA:26,3
DA:27,5
DA:28,2
DA:29,4
DA:31,0
DA:32,0
DA:33,0
DA:34,0
DA:36,0
DA:39,0
DA:40,0
DA:41,0
DA:45,1
DA:46,3
DA:47,5
DA:48,2
DA:49,4
DA:51,3
DA:52,5
DA:53,2
DA:56,3
DA:57,5
DA:60,0
DA:61,0
DA:62,0
DA:63,0
DA:64,0
DA:65,0
DA:67,0
DA:68,0
DA:69,0
DA:70,0
DA:71,0
DA:72,0
DA:74,0
DA:75,0
LF:49
LH:27
end_of_record
SF:src/cache.js
DA:4,4
DA:5,1
DA:8,2
DA:9,4
DA:10,1
DA:11,3
DA:13,2
DA:14,0
DA:15,0
DA:17,0
DA:20,1
DA:21,3
DA:22,5
DA:25,0
DA:26,0
DA:29,4
DA:30,1
DA:31,3
DA:32,5
DA:33,2
DA:34,4
DA:37,5
DA:40,1
DA:41,3
DA:42,5
DA:43,2
DA:45,1
LF:27
LH:22
end_of_record
SF:src/feed/rss.js
DA:5,1
DA:6,3
DA:7,5
DA:8,2
DA:9,4
DA:10,1
DA:11,3
DA:14,4
DA:15,1
DA:16,3
DA:17,5
DA:18,2
DA:19,4
DA:20,1
DA:21,3
DA:22,5
DA:25,0
DA:26,0
DA:27,0
DA:28,0
LF:20
LH:16
end_of_record
SF:src/telemetry.js
DA:3,0
DA:4,0
DA:5,0
DA:6,0
DA:8,0
DA:11,0
DA:12,0
DA:15,0
DA:16,0
DA:19,0
DA:20,0
DA:21,0
DA:23,0
LF:13
LH:0
end_of_record
SF:src/audit.js
DA:3,0
DA:4,0
DA:5,0
DA:6,0
DA:9,0
DA:10,0
DA:11,0
DA:13,0
DA:16,0
DA:17,0
LF:10
LH:0
end_of_record
SF:src/notifications.js
DA:7,0
DA:8,0
DA:11,0
DA:12,0
DA:13,0
DA:14,0
DA:15,0
DA:18,0
DA:19,0
DA:20,0
DA:21,0
DA:24,0
DA:25,0
DA:28,0
DA:29,0
DA:30,0
DA:31,0
DA:33,0
DA:34,0
DA:37,0
DA:38,0
LF:21
LH:0
end_of_record
SF:web/src/lib/time.ts
DA:5,1
DA:6,3
DA:7,5
DA:8,2
DA:9,4
DA:10,0
DA:13,2
DA:14,4
DA:15,1
DA:18,0
DA:19,0
LF:11
LH:8
end_of_record
